# JRE version: Java(TM) SE Runtime Environment (8.0_261-b12) (build 1.8.0_261-b12)
# Java VM: Java HotSpot(TM) Client VM (25.261-b12 mixed mode, sharing windows-x86 )
Heap:
 def new generation   total 13248K, used 11823K [0x04600000, 0x05450000, 0x09b50000)
  eden space 11840K,  87% used [0x04600000, 0x0502bf98, 0x05190000)
  from space 1408K, 100% used [0x052f0000, 0x05450000, 0x05450000)
  to   space 1408K,   0% used [0x05190000, 0x05190000, 0x052f0000)
 tenured generation   total 29164K, used 28173K [0x09b50000, 0x0b7cb000, 0x14600000)
   the space 29164K,  96% used [0x09b50000, 0x0b6d37c0, 0x0b6d3800, 0x0b7cb000)
 Metaspace       used 22651K, capacity 23162K, committed 23168K, reserved 23936K
GC Heap History (10 events):
Event: 3.922 GC heap before
{Heap before GC invocations=41 (full 2):
 def new generation   total 9728K, used 9728K [0x04600000, 0x05080000, 0x09b50000)
  eden space 8704K, 100% used [0x04600000, 0x04e80000, 0x04e80000)
  from space 1024K, 100% used [0x04f80000, 0x05080000, 0x05080000)
  to   space 1024K,   0% used [0x04e80000, 0x04e80000, 0x04f80000)
 tenured generation   total 21348K, used 19368K [0x09b50000, 0x0b029000, 0x14600000)
   the space 21348K,  90% used [0x09b50000, 0x0ae3a138, 0x0ae3a200, 0x0b029000)
 Metaspace       used 18913K, capacity 19364K, committed 19456K, reserved 19840K
Event: 3.927 GC heap after
Heap after GC invocations=42 (full 2):
 def new generation   total 9728K, used 1024K [0x04600000, 0x05080000, 0x09b50000)
  eden space 8704K,   0% used [0x04600000, 0x04600000, 0x04e80000)
  from space 1024K, 100% used [0x04e80000, 0x04f80000, 0x04f80000)
  to   space 1024K,   0% used [0x04f80000, 0x04f80000, 0x05080000)
 tenured generation   total 21348K, used 21053K [0x09b50000, 0x0b029000, 0x14600000)
   the space 21348K,  98% used [0x09b50000, 0x0afdf688, 0x0afdf800, 0x0b029000)
 Metaspace       used 18913K, capacity 19364K, committed 19456K, reserved 19840K
}
Event: 4.007 GC heap before
{Heap before GC invocations=42 (full 2):
 def new generation   total 9728K, used 9728K [0x04600000, 0x05080000, 0x09b50000)
  eden space 8704K, 100% used [0x04600000, 0x04e80000, 0x04e80000)
  from space 1024K, 100% used [0x04e80000, 0x04f80000, 0x04f80000)
  to   space 1024K,   0% used [0x04f80000, 0x04f80000, 0x05080000)
 tenured generation   total 21348K, used 21053K [0x09b50000, 0x0b029000, 0x14600000)
   the space 21348K,  98% used [0x09b50000, 0x0afdf688, 0x0afdf800, 0x0b029000)
 Metaspace       used 19621K, capacity 20048K, committed 20096K, reserved 20864K
Event: 4.041 GC heap after
Heap after GC invocations=43 (full 3):
 def new generation   total 13248K, used 0K [0x04600000, 0x05450000, 0x09b50000)
  eden space 11840K,   0% used [0x04600000, 0x04600000, 0x05190000)
  from space 1408K,   0% used [0x05190000, 0x05190000, 0x052f0000)
  to   space 1408K,   0% used [0x052f0000, 0x052f0000, 0x05450000)
 tenured generation   total 29164K, used 17496K [0x09b50000, 0x0b7cb000, 0x14600000)
   the space 29164K,  59% used [0x09b50000, 0x0ac66208, 0x0ac66400, 0x0b7cb000)
 Metaspace       used 19621K, capacity 20048K, committed 20096K, reserved 20864K
}
Event: 4.320 GC heap before
{Heap before GC invocations=43 (full 3):
 def new generation   total 13248K, used 11840K [0x04600000, 0x05450000, 0x09b50000)
  eden space 11840K, 100% used [0x04600000, 0x05190000, 0x05190000)
  from space 1408K,   0% used [0x05190000, 0x05190000, 0x052f0000)
  to   space 1408K,   0% used [0x052f0000, 0x052f0000, 0x05450000)
 tenured generation   total 29164K, used 17496K [0x09b50000, 0x0b7cb000, 0x14600000)
   the space 29164K,  59% used [0x09b50000, 0x0ac66208, 0x0ac66400, 0x0b7cb000)
 Metaspace       used 20480K, capacity 20966K, committed 21120K, reserved 21888K
Event: 4.324 GC heap after
Heap after GC invocations=44 (full 3):
 def new generation   total 13248K, used 1408K [0x04600000, 0x05450000, 0x09b50000)
  eden space 11840K,   0% used [0x04600000, 0x04600000, 0x05190000)
  from space 1408K, 100% used [0x052f0000, 0x05450000, 0x05450000)
  to   space 1408K,   0% used [0x05190000, 0x05190000, 0x052f0000)
 tenured generation   total 29164K, used 17627K [0x09b50000, 0x0b7cb000, 0x14600000)
   the space 29164K,  60% used [0x09b50000, 0x0ac86d88, 0x0ac86e00, 0x0b7cb000)
 Metaspace       used 20480K, capacity 20966K, committed 21120K, reserved 21888K
}
Event: 7.000 GC heap before
{Heap before GC invocations=44 (full 3):
 def new generation   total 13248K, used 13248K [0x04600000, 0x05450000, 0x09b50000)
  eden space 11840K, 100% used [0x04600000, 0x05190000, 0x05190000)
  from space 1408K, 100% used [0x052f0000, 0x05450000, 0x05450000)
  to   space 1408K,   0% used [0x05190000, 0x05190000, 0x052f0000)
 tenured generation   total 29164K, used 17627K [0x09b50000, 0x0b7cb000, 0x14600000)
   the space 29164K,  60% used [0x09b50000, 0x0ac86d88, 0x0ac86e00, 0x0b7cb000)
 Metaspace       used 22147K, capacity 22663K, committed 22784K, reserved 22912K
Event: 7.006 GC heap after
Heap after GC invocations=45 (full 3):
 def new generation   total 13248K, used 1408K [0x04600000, 0x05450000, 0x09b50000)
  eden space 11840K,   0% used [0x04600000, 0x04600000, 0x05190000)
  from space 1408K, 100% used [0x05190000, 0x052f0000, 0x052f0000)
  to   space 1408K,   0% used [0x052f0000, 0x052f0000, 0x05450000)
 tenured generation   total 29164K, used 19433K [0x09b50000, 0x0b7cb000, 0x14600000)
   the space 29164K,  66% used [0x09b50000, 0x0ae4a6a8, 0x0ae4a800, 0x0b7cb000)
 Metaspace       used 22147K, capacity 22663K, committed 22784K, reserved 22912K
}
Event: 12.356 GC heap before
{Heap before GC invocations=45 (full 3):
 def new generation   total 13248K, used 13248K [0x04600000, 0x05450000, 0x09b50000)
  eden space 11840K, 100% used [0x04600000, 0x05190000, 0x05190000)
  from space 1408K, 100% used [0x05190000, 0x052f0000, 0x052f0000)
  to   space 1408K,   0% used [0x052f0000, 0x052f0000, 0x05450000)
 tenured generation   total 29164K, used 19433K [0x09b50000, 0x0b7cb000, 0x14600000)
   the space 29164K,  66% used [0x09b50000, 0x0ae4a6a8, 0x0ae4a800, 0x0b7cb000)
 Metaspace       used 22398K, capacity 22904K, committed 22912K, reserved 22912K
Event: 12.367 GC heap after
Heap after GC invocations=46 (full 3):
 def new generation   total 13248K, used 1408K [0x04600000, 0x05450000, 0x09b50000)
  eden space 11840K,   0% used [0x04600000, 0x04600000, 0x05190000)
  from space 1408K, 100% used [0x052f0000, 0x05450000, 0x05450000)
  to   space 1408K,   0% used [0x05190000, 0x05190000, 0x052f0000)
 tenured generation   total 29164K, used 28173K [0x09b50000, 0x0b7cb000, 0x14600000)
   the space 29164K,  96% used [0x09b50000, 0x0b6d37c0, 0x0b6d3800, 0x0b7cb000)
 Metaspace       used 22398K, capacity 22904K, committed 22912K, reserved 22912K
}

